<?xml version="1.0" encoding="UTF-8"?>
<!-- Generated by org.testng.reporters.JUnitXMLReporter -->
<testsuite hostname="DESKTOP-ACVTLV5" ignored="1" name="Calc data" tests="5" failures="0" timestamp="2020-07-02T11:38:30 IST" time="0.156" errors="0">
  <testcase name="testDivide" time="0.021" classname="com.calculator.CalculatorTest"/>
  <testcase name="testAdd" time="0.021" classname="com.calculator.CalculatorTest"/>
  <testcase name="testExponent" time="0.006" classname="com.calculator.CalculatorTest"/>
  <testcase name="testExponent" time="0.009" classname="com.calculator.CalculatorTest"/>
  <testcase name="testExponent" time="0.009" classname="com.calculator.CalculatorTest"/>
  <testcase name="testMultiply" time="0.0" classname="com.calculator.CalculatorTest">
    <ignored/>
  </testcase> <!-- testMultiply -->
</testsuite> <!-- Calc data -->
