<?xml version="1.0" encoding="UTF-8"?>
<testng-results skipped="0" failed="0" ignored="0" total="1" passed="1">
  <reporter-output>
  </reporter-output>
  <suite name="Default suite" duration-ms="61133" started-at="2020-07-13T10:52:53 IST" finished-at="2020-07-13T10:53:54 IST">
    <groups>
    </groups>
    <test name="Default test" duration-ms="61133" started-at="2020-07-13T10:52:53 IST" finished-at="2020-07-13T10:53:54 IST">
      <class name="com.demoqa.runner.TestRunner">
        <test-method status="PASS" signature="launchBrowser()[pri:0, instance:com.demoqa.runner.TestRunner@3224f60b]" name="launchBrowser" is-config="true" duration-ms="23911" started-at="2020-07-13T10:52:53 IST" finished-at="2020-07-13T10:53:17 IST">
          <reporter-output>
          </reporter-output>
        </test-method> <!-- launchBrowser -->
        <test-method status="PASS" signature="forms()[pri:0, instance:com.demoqa.runner.TestRunner@3224f60b]" name="forms" duration-ms="34308" started-at="2020-07-13T10:53:19 IST" finished-at="2020-07-13T10:53:53 IST">
          <reporter-output>
          </reporter-output>
        </test-method> <!-- forms -->
        <test-method status="PASS" signature="closeBroswer()[pri:0, instance:com.demoqa.runner.TestRunner@3224f60b]" name="closeBroswer" is-config="true" duration-ms="1061" started-at="2020-07-13T10:53:53 IST" finished-at="2020-07-13T10:53:54 IST">
          <reporter-output>
          </reporter-output>
        </test-method> <!-- closeBroswer -->
      </class> <!-- com.demoqa.runner.TestRunner -->
    </test> <!-- Default test -->
  </suite> <!-- Default suite -->
</testng-results>
